<?xml version="1.0" encoding="UTF-8"?>
<!-- Generated by org.testng.reporters.JUnitXMLReporter -->
<testsuite ignored="0" hostname="BLOX_Device" failures="2" tests="18" name="Surefire test" time="52.234" errors="0" timestamp="2025-06-19T04:00:58 IST">
  <testcase classname="TestAll" name="verifyPageLoad" time="0.278"/>
  <testcase classname="TestAll" name="verifyStatusCode" time="0.871"/>
  <testcase classname="TestAll" name="SignUp" time="3.436"/>
  <testcase classname="TestAll" name="SignPage" time="0.016"/>
  <testcase classname="TestAll" name="PropertyManagerLogin" time="0.049">
    <failure type="java.lang.AssertionError" message="Sign Up button should be visible expected [true] but found [false]">
      <![CDATA[java.lang.AssertionError: Sign Up button should be visible expected [true] but found [false]
at TestAll.PropertyManagerLogin(TestAll.java:182)
at java.base/java.util.ArrayList.forEach(ArrayList.java:1511)
... Removed 33 stack frames]]>
    </failure>
  </testcase> <!-- PropertyManagerLogin -->
  <testcase classname="TestAll" name="PropertyManagerPage" time="0.0">
    <skipped/>
  </testcase> <!-- PropertyManagerPage -->
  <testcase classname="TestAll" name="WatchDemo" time="10.386">
    <failure type="java.lang.AssertionError" message="Watch Demo test failed: Expected condition failed: waiting for presence of element located by: By.xpath: //a[@data-wf-element-id=&amp;apos;3ac1575f-3fd3-6dc7-5b96-ca9b97426bb4&amp;apos;] (tried for 10 second(s) with 500 milliseconds interval)">
      <![CDATA[java.lang.AssertionError: Watch Demo test failed: Expected condition failed: waiting for presence of element located by: By.xpath: //a[@data-wf-element-id='3ac1575f-3fd3-6dc7-5b96-ca9b97426bb4'] (tried for 10 second(s) with 500 milliseconds interval)
at TestAll.WatchDemo(TestAll.java:240)
at java.base/java.util.ArrayList.forEach(ArrayList.java:1511)
... Removed 31 stack frames]]>
    </failure>
  </testcase> <!-- WatchDemo -->
  <testcase classname="TestAll" name="DemoPage" time="0.0">
    <skipped/>
  </testcase> <!-- DemoPage -->
  <testcase classname="TestAll" name="testFillAndSubmitDemoForm" time="0.0">
    <skipped/>
  </testcase> <!-- testFillAndSubmitDemoForm -->
  <testcase classname="tests.TestAll" name="verifyPageLoad" time="0.526"/>
  <testcase classname="tests.TestAll" name="verifyStatusCode" time="0.151"/>
  <testcase classname="tests.TestAll" name="signUp" time="3.51"/>
  <testcase classname="tests.TestAll" name="signUpPage" time="0.016"/>
  <testcase classname="tests.TestAll" name="propertyManagerLogin" time="1.414"/>
  <testcase classname="tests.TestAll" name="propertyManagerPage" time="0.013"/>
  <testcase classname="tests.TestAll" name="watchDemo" time="6.128"/>
  <testcase classname="tests.TestAll" name="demoPage" time="0.02"/>
  <testcase classname="tests.TestAll" name="testFillAndSubmitDemoForm" time="3.415"/>
</testsuite> <!-- Surefire test -->
