<?xml version="1.0" encoding="UTF-8"?>
<testng-results ignored="0" total="18" passed="13" failed="2" skipped="3">
  <reporter-output>
  </reporter-output>
  <suite started-at="2025-06-19T04:00:05 IST" name="Surefire suite" finished-at="2025-06-19T04:00:57 IST" duration-ms="52234">
    <groups>
    </groups>
    <test started-at="2025-06-19T04:00:05 IST" name="Surefire test" finished-at="2025-06-19T04:00:57 IST" duration-ms="52234">
      <class name="TestAll">
        <test-method is-config="true" signature="setup()[pri:0, instance:TestAll@49c386c8]" started-at="2025-06-19T04:00:05 IST" name="setup" finished-at="2025-06-19T04:00:18 IST" duration-ms="13179" status="PASS">
          <reporter-output>
          </reporter-output>
        </test-method> <!-- setup -->
        <test-method signature="verifyPageLoad()[pri:1, instance:TestAll@49c386c8]" started-at="2025-06-19T04:00:18 IST" name="verifyPageLoad" finished-at="2025-06-19T04:00:19 IST" duration-ms="278" status="PASS">
          <reporter-output>
          </reporter-output>
        </test-method> <!-- verifyPageLoad -->
        <test-method signature="verifyStatusCode()[pri:2, instance:TestAll@49c386c8]" started-at="2025-06-19T04:00:19 IST" name="verifyStatusCode" finished-at="2025-06-19T04:00:19 IST" duration-ms="871" status="PASS">
          <reporter-output>
          </reporter-output>
        </test-method> <!-- verifyStatusCode -->
        <test-method signature="SignUp()[pri:3, instance:TestAll@49c386c8]" started-at="2025-06-19T04:00:19 IST" name="SignUp" finished-at="2025-06-19T04:00:23 IST" duration-ms="3436" status="PASS">
          <reporter-output>
          </reporter-output>
        </test-method> <!-- SignUp -->
        <test-method signature="SignPage()[pri:4, instance:TestAll@49c386c8]" started-at="2025-06-19T04:00:23 IST" name="SignPage" finished-at="2025-06-19T04:00:23 IST" depends-on-methods="TestAll.SignUp" duration-ms="16" status="PASS">
          <reporter-output>
          </reporter-output>
        </test-method> <!-- SignPage -->
        <test-method signature="PropertyManagerLogin()[pri:5, instance:TestAll@49c386c8]" started-at="2025-06-19T04:00:23 IST" name="PropertyManagerLogin" finished-at="2025-06-19T04:00:23 IST" depends-on-methods="TestAll.SignPage" duration-ms="49" status="FAIL">
          <exception class="java.lang.AssertionError">
            <message>
              <![CDATA[Sign Up button should be visible expected [true] but found [false]]]>
            </message>
            <full-stacktrace>
              <![CDATA[java.lang.AssertionError: Sign Up button should be visible expected [true] but found [false]
at org.testng.Assert.fail(Assert.java:99)
at org.testng.Assert.failNotEquals(Assert.java:1037)
at org.testng.Assert.assertTrue(Assert.java:45)
at TestAll.PropertyManagerLogin(TestAll.java:182)
at java.base/jdk.internal.reflect.DirectMethodHandleAccessor.invoke(DirectMethodHandleAccessor.java:104)
at java.base/java.lang.reflect.Method.invoke(Method.java:578)
at org.testng.internal.MethodInvocationHelper.invokeMethod(MethodInvocationHelper.java:133)
at org.testng.internal.TestInvoker.invokeMethod(TestInvoker.java:598)
at org.testng.internal.TestInvoker.invokeTestMethod(TestInvoker.java:173)
at org.testng.internal.MethodRunner.runInSequence(MethodRunner.java:46)
at org.testng.internal.TestInvoker$MethodInvocationAgent.invoke(TestInvoker.java:824)
at org.testng.internal.TestInvoker.invokeTestMethods(TestInvoker.java:146)
at org.testng.internal.TestMethodWorker.invokeTestMethods(TestMethodWorker.java:146)
at org.testng.internal.TestMethodWorker.run(TestMethodWorker.java:128)
at java.base/java.util.ArrayList.forEach(ArrayList.java:1511)
at org.testng.TestRunner.privateRun(TestRunner.java:794)
at org.testng.TestRunner.run(TestRunner.java:596)
at org.testng.SuiteRunner.runTest(SuiteRunner.java:377)
at org.testng.SuiteRunner.runSequentially(SuiteRunner.java:371)
at org.testng.SuiteRunner.privateRun(SuiteRunner.java:332)
at org.testng.SuiteRunner.run(SuiteRunner.java:276)
at org.testng.SuiteRunnerWorker.runSuite(SuiteRunnerWorker.java:53)
at org.testng.SuiteRunnerWorker.run(SuiteRunnerWorker.java:96)
at org.testng.TestNG.runSuitesSequentially(TestNG.java:1212)
at org.testng.TestNG.runSuitesLocally(TestNG.java:1134)
at org.testng.TestNG.runSuites(TestNG.java:1063)
at org.testng.TestNG.run(TestNG.java:1031)
at org.apache.maven.surefire.testng.TestNGExecutor.run(TestNGExecutor.java:155)
at org.apache.maven.surefire.testng.TestNGDirectoryTestSuite.executeMulti(TestNGDirectoryTestSuite.java:169)
at org.apache.maven.surefire.testng.TestNGDirectoryTestSuite.execute(TestNGDirectoryTestSuite.java:88)
at org.apache.maven.surefire.testng.TestNGProvider.invoke(TestNGProvider.java:137)
at org.apache.maven.surefire.booter.ForkedBooter.runSuitesInProcess(ForkedBooter.java:385)
at org.apache.maven.surefire.booter.ForkedBooter.execute(ForkedBooter.java:162)
at org.apache.maven.surefire.booter.ForkedBooter.run(ForkedBooter.java:507)
at org.apache.maven.surefire.booter.ForkedBooter.main(ForkedBooter.java:495)
]]>
            </full-stacktrace>
          </exception> <!-- java.lang.AssertionError -->
          <reporter-output>
          </reporter-output>
        </test-method> <!-- PropertyManagerLogin -->
        <test-method signature="PropertyManagerPage()[pri:6, instance:TestAll@49c386c8]" started-at="2025-06-19T04:00:23 IST" name="PropertyManagerPage" finished-at="2025-06-19T04:00:23 IST" depends-on-methods="TestAll.PropertyManagerLogin" duration-ms="0" status="SKIP">
          <exception class="java.lang.Throwable">
            <message>
              <![CDATA[Method TestAll.PropertyManagerPage()[pri:6, instance:TestAll@49c386c8] depends on not successfully finished methods]]>
            </message>
            <full-stacktrace>
              <![CDATA[java.lang.Throwable: Method TestAll.PropertyManagerPage()[pri:6, instance:TestAll@49c386c8] depends on not successfully finished methods
at org.testng.internal.TestInvoker.invokeTestMethods(TestInvoker.java:102)
at org.testng.internal.TestMethodWorker.invokeTestMethods(TestMethodWorker.java:146)
at org.testng.internal.TestMethodWorker.run(TestMethodWorker.java:128)
at java.base/java.util.ArrayList.forEach(ArrayList.java:1511)
at org.testng.TestRunner.privateRun(TestRunner.java:794)
at org.testng.TestRunner.run(TestRunner.java:596)
at org.testng.SuiteRunner.runTest(SuiteRunner.java:377)
at org.testng.SuiteRunner.runSequentially(SuiteRunner.java:371)
at org.testng.SuiteRunner.privateRun(SuiteRunner.java:332)
at org.testng.SuiteRunner.run(SuiteRunner.java:276)
at org.testng.SuiteRunnerWorker.runSuite(SuiteRunnerWorker.java:53)
at org.testng.SuiteRunnerWorker.run(SuiteRunnerWorker.java:96)
at org.testng.TestNG.runSuitesSequentially(TestNG.java:1212)
at org.testng.TestNG.runSuitesLocally(TestNG.java:1134)
at org.testng.TestNG.runSuites(TestNG.java:1063)
at org.testng.TestNG.run(TestNG.java:1031)
at org.apache.maven.surefire.testng.TestNGExecutor.run(TestNGExecutor.java:155)
at org.apache.maven.surefire.testng.TestNGDirectoryTestSuite.executeMulti(TestNGDirectoryTestSuite.java:169)
at org.apache.maven.surefire.testng.TestNGDirectoryTestSuite.execute(TestNGDirectoryTestSuite.java:88)
at org.apache.maven.surefire.testng.TestNGProvider.invoke(TestNGProvider.java:137)
at org.apache.maven.surefire.booter.ForkedBooter.runSuitesInProcess(ForkedBooter.java:385)
at org.apache.maven.surefire.booter.ForkedBooter.execute(ForkedBooter.java:162)
at org.apache.maven.surefire.booter.ForkedBooter.run(ForkedBooter.java:507)
at org.apache.maven.surefire.booter.ForkedBooter.main(ForkedBooter.java:495)
]]>
            </full-stacktrace>
          </exception> <!-- java.lang.Throwable -->
          <reporter-output>
          </reporter-output>
        </test-method> <!-- PropertyManagerPage -->
        <test-method signature="WatchDemo()[pri:7, instance:TestAll@49c386c8]" started-at="2025-06-19T04:00:23 IST" name="WatchDemo" finished-at="2025-06-19T04:00:33 IST" duration-ms="10386" status="FAIL">
          <exception class="java.lang.AssertionError">
            <message>
              <![CDATA[Watch Demo test failed: Expected condition failed: waiting for presence of element located by: By.xpath: //a[@data-wf-element-id='3ac1575f-3fd3-6dc7-5b96-ca9b97426bb4'] (tried for 10 second(s) with 500 milliseconds interval)]]>
            </message>
            <full-stacktrace>
              <![CDATA[java.lang.AssertionError: Watch Demo test failed: Expected condition failed: waiting for presence of element located by: By.xpath: //a[@data-wf-element-id='3ac1575f-3fd3-6dc7-5b96-ca9b97426bb4'] (tried for 10 second(s) with 500 milliseconds interval)
at org.testng.Assert.fail(Assert.java:99)
at TestAll.WatchDemo(TestAll.java:240)
at java.base/jdk.internal.reflect.DirectMethodHandleAccessor.invoke(DirectMethodHandleAccessor.java:104)
at java.base/java.lang.reflect.Method.invoke(Method.java:578)
at org.testng.internal.MethodInvocationHelper.invokeMethod(MethodInvocationHelper.java:133)
at org.testng.internal.TestInvoker.invokeMethod(TestInvoker.java:598)
at org.testng.internal.TestInvoker.invokeTestMethod(TestInvoker.java:173)
at org.testng.internal.MethodRunner.runInSequence(MethodRunner.java:46)
at org.testng.internal.TestInvoker$MethodInvocationAgent.invoke(TestInvoker.java:824)
at org.testng.internal.TestInvoker.invokeTestMethods(TestInvoker.java:146)
at org.testng.internal.TestMethodWorker.invokeTestMethods(TestMethodWorker.java:146)
at org.testng.internal.TestMethodWorker.run(TestMethodWorker.java:128)
at java.base/java.util.ArrayList.forEach(ArrayList.java:1511)
at org.testng.TestRunner.privateRun(TestRunner.java:794)
at org.testng.TestRunner.run(TestRunner.java:596)
at org.testng.SuiteRunner.runTest(SuiteRunner.java:377)
at org.testng.SuiteRunner.runSequentially(SuiteRunner.java:371)
at org.testng.SuiteRunner.privateRun(SuiteRunner.java:332)
at org.testng.SuiteRunner.run(SuiteRunner.java:276)
at org.testng.SuiteRunnerWorker.runSuite(SuiteRunnerWorker.java:53)
at org.testng.SuiteRunnerWorker.run(SuiteRunnerWorker.java:96)
at org.testng.TestNG.runSuitesSequentially(TestNG.java:1212)
at org.testng.TestNG.runSuitesLocally(TestNG.java:1134)
at org.testng.TestNG.runSuites(TestNG.java:1063)
at org.testng.TestNG.run(TestNG.java:1031)
at org.apache.maven.surefire.testng.TestNGExecutor.run(TestNGExecutor.java:155)
at org.apache.maven.surefire.testng.TestNGDirectoryTestSuite.executeMulti(TestNGDirectoryTestSuite.java:169)
at org.apache.maven.surefire.testng.TestNGDirectoryTestSuite.execute(TestNGDirectoryTestSuite.java:88)
at org.apache.maven.surefire.testng.TestNGProvider.invoke(TestNGProvider.java:137)
at org.apache.maven.surefire.booter.ForkedBooter.runSuitesInProcess(ForkedBooter.java:385)
at org.apache.maven.surefire.booter.ForkedBooter.execute(ForkedBooter.java:162)
at org.apache.maven.surefire.booter.ForkedBooter.run(ForkedBooter.java:507)
at org.apache.maven.surefire.booter.ForkedBooter.main(ForkedBooter.java:495)
]]>
            </full-stacktrace>
          </exception> <!-- java.lang.AssertionError -->
          <reporter-output>
          </reporter-output>
        </test-method> <!-- WatchDemo -->
        <test-method signature="DemoPage()[pri:8, instance:TestAll@49c386c8]" started-at="2025-06-19T04:00:33 IST" name="DemoPage" finished-at="2025-06-19T04:00:33 IST" depends-on-methods="TestAll.WatchDemo" duration-ms="0" status="SKIP">
          <exception class="java.lang.Throwable">
            <message>
              <![CDATA[Method TestAll.DemoPage()[pri:8, instance:TestAll@49c386c8] depends on not successfully finished methods]]>
            </message>
            <full-stacktrace>
              <![CDATA[java.lang.Throwable: Method TestAll.DemoPage()[pri:8, instance:TestAll@49c386c8] depends on not successfully finished methods
at org.testng.internal.TestInvoker.invokeTestMethods(TestInvoker.java:102)
at org.testng.internal.TestMethodWorker.invokeTestMethods(TestMethodWorker.java:146)
at org.testng.internal.TestMethodWorker.run(TestMethodWorker.java:128)
at java.base/java.util.ArrayList.forEach(ArrayList.java:1511)
at org.testng.TestRunner.privateRun(TestRunner.java:794)
at org.testng.TestRunner.run(TestRunner.java:596)
at org.testng.SuiteRunner.runTest(SuiteRunner.java:377)
at org.testng.SuiteRunner.runSequentially(SuiteRunner.java:371)
at org.testng.SuiteRunner.privateRun(SuiteRunner.java:332)
at org.testng.SuiteRunner.run(SuiteRunner.java:276)
at org.testng.SuiteRunnerWorker.runSuite(SuiteRunnerWorker.java:53)
at org.testng.SuiteRunnerWorker.run(SuiteRunnerWorker.java:96)
at org.testng.TestNG.runSuitesSequentially(TestNG.java:1212)
at org.testng.TestNG.runSuitesLocally(TestNG.java:1134)
at org.testng.TestNG.runSuites(TestNG.java:1063)
at org.testng.TestNG.run(TestNG.java:1031)
at org.apache.maven.surefire.testng.TestNGExecutor.run(TestNGExecutor.java:155)
at org.apache.maven.surefire.testng.TestNGDirectoryTestSuite.executeMulti(TestNGDirectoryTestSuite.java:169)
at org.apache.maven.surefire.testng.TestNGDirectoryTestSuite.execute(TestNGDirectoryTestSuite.java:88)
at org.apache.maven.surefire.testng.TestNGProvider.invoke(TestNGProvider.java:137)
at org.apache.maven.surefire.booter.ForkedBooter.runSuitesInProcess(ForkedBooter.java:385)
at org.apache.maven.surefire.booter.ForkedBooter.execute(ForkedBooter.java:162)
at org.apache.maven.surefire.booter.ForkedBooter.run(ForkedBooter.java:507)
at org.apache.maven.surefire.booter.ForkedBooter.main(ForkedBooter.java:495)
]]>
            </full-stacktrace>
          </exception> <!-- java.lang.Throwable -->
          <reporter-output>
          </reporter-output>
        </test-method> <!-- DemoPage -->
        <test-method signature="testFillAndSubmitDemoForm()[pri:9, instance:TestAll@49c386c8]" started-at="2025-06-19T04:00:33 IST" name="testFillAndSubmitDemoForm" finished-at="2025-06-19T04:00:33 IST" depends-on-methods="TestAll.DemoPage" duration-ms="0" status="SKIP">
          <exception class="java.lang.Throwable">
            <message>
              <![CDATA[Method TestAll.testFillAndSubmitDemoForm()[pri:9, instance:TestAll@49c386c8] depends on not successfully finished methods]]>
            </message>
            <full-stacktrace>
              <![CDATA[java.lang.Throwable: Method TestAll.testFillAndSubmitDemoForm()[pri:9, instance:TestAll@49c386c8] depends on not successfully finished methods
at org.testng.internal.TestInvoker.invokeTestMethods(TestInvoker.java:102)
at org.testng.internal.TestMethodWorker.invokeTestMethods(TestMethodWorker.java:146)
at org.testng.internal.TestMethodWorker.run(TestMethodWorker.java:128)
at java.base/java.util.ArrayList.forEach(ArrayList.java:1511)
at org.testng.TestRunner.privateRun(TestRunner.java:794)
at org.testng.TestRunner.run(TestRunner.java:596)
at org.testng.SuiteRunner.runTest(SuiteRunner.java:377)
at org.testng.SuiteRunner.runSequentially(SuiteRunner.java:371)
at org.testng.SuiteRunner.privateRun(SuiteRunner.java:332)
at org.testng.SuiteRunner.run(SuiteRunner.java:276)
at org.testng.SuiteRunnerWorker.runSuite(SuiteRunnerWorker.java:53)
at org.testng.SuiteRunnerWorker.run(SuiteRunnerWorker.java:96)
at org.testng.TestNG.runSuitesSequentially(TestNG.java:1212)
at org.testng.TestNG.runSuitesLocally(TestNG.java:1134)
at org.testng.TestNG.runSuites(TestNG.java:1063)
at org.testng.TestNG.run(TestNG.java:1031)
at org.apache.maven.surefire.testng.TestNGExecutor.run(TestNGExecutor.java:155)
at org.apache.maven.surefire.testng.TestNGDirectoryTestSuite.executeMulti(TestNGDirectoryTestSuite.java:169)
at org.apache.maven.surefire.testng.TestNGDirectoryTestSuite.execute(TestNGDirectoryTestSuite.java:88)
at org.apache.maven.surefire.testng.TestNGProvider.invoke(TestNGProvider.java:137)
at org.apache.maven.surefire.booter.ForkedBooter.runSuitesInProcess(ForkedBooter.java:385)
at org.apache.maven.surefire.booter.ForkedBooter.execute(ForkedBooter.java:162)
at org.apache.maven.surefire.booter.ForkedBooter.run(ForkedBooter.java:507)
at org.apache.maven.surefire.booter.ForkedBooter.main(ForkedBooter.java:495)
]]>
            </full-stacktrace>
          </exception> <!-- java.lang.Throwable -->
          <reporter-output>
          </reporter-output>
        </test-method> <!-- testFillAndSubmitDemoForm -->
        <test-method is-config="true" signature="tearDown()[pri:0, instance:TestAll@49c386c8]" started-at="2025-06-19T04:00:33 IST" name="tearDown" finished-at="2025-06-19T04:00:34 IST" duration-ms="296" status="PASS">
          <reporter-output>
          </reporter-output>
        </test-method> <!-- tearDown -->
      </class> <!-- TestAll -->
      <class name="tests.TestAll">
        <test-method is-config="true" signature="setup()[pri:0, instance:tests.TestAll@2e570ded]" started-at="2025-06-19T04:00:34 IST" name="setup" finished-at="2025-06-19T04:00:41 IST" duration-ms="7532" status="PASS">
          <reporter-output>
          </reporter-output>
        </test-method> <!-- setup -->
        <test-method signature="verifyPageLoad()[pri:1, instance:tests.TestAll@2e570ded]" started-at="2025-06-19T04:00:41 IST" name="verifyPageLoad" finished-at="2025-06-19T04:00:42 IST" duration-ms="526" status="PASS">
          <reporter-output>
          </reporter-output>
        </test-method> <!-- verifyPageLoad -->
        <test-method signature="verifyStatusCode()[pri:2, instance:tests.TestAll@2e570ded]" started-at="2025-06-19T04:00:42 IST" name="verifyStatusCode" finished-at="2025-06-19T04:00:42 IST" duration-ms="151" status="PASS">
          <reporter-output>
          </reporter-output>
        </test-method> <!-- verifyStatusCode -->
        <test-method signature="signUp()[pri:3, instance:tests.TestAll@2e570ded]" started-at="2025-06-19T04:00:42 IST" name="signUp" finished-at="2025-06-19T04:00:45 IST" duration-ms="3510" status="PASS">
          <reporter-output>
          </reporter-output>
        </test-method> <!-- signUp -->
        <test-method signature="signUpPage()[pri:4, instance:tests.TestAll@2e570ded]" started-at="2025-06-19T04:00:45 IST" name="signUpPage" finished-at="2025-06-19T04:00:45 IST" depends-on-methods="tests.TestAll.signUp" duration-ms="16" status="PASS">
          <reporter-output>
          </reporter-output>
        </test-method> <!-- signUpPage -->
        <test-method signature="propertyManagerLogin()[pri:5, instance:tests.TestAll@2e570ded]" started-at="2025-06-19T04:00:45 IST" name="propertyManagerLogin" finished-at="2025-06-19T04:00:47 IST" depends-on-methods="tests.TestAll.signUpPage" duration-ms="1414" status="PASS">
          <reporter-output>
          </reporter-output>
        </test-method> <!-- propertyManagerLogin -->
        <test-method signature="propertyManagerPage()[pri:6, instance:tests.TestAll@2e570ded]" started-at="2025-06-19T04:00:47 IST" name="propertyManagerPage" finished-at="2025-06-19T04:00:47 IST" depends-on-methods="tests.TestAll.propertyManagerLogin" duration-ms="13" status="PASS">
          <reporter-output>
          </reporter-output>
        </test-method> <!-- propertyManagerPage -->
        <test-method signature="watchDemo()[pri:7, instance:tests.TestAll@2e570ded]" started-at="2025-06-19T04:00:47 IST" name="watchDemo" finished-at="2025-06-19T04:00:53 IST" duration-ms="6128" status="PASS">
          <reporter-output>
          </reporter-output>
        </test-method> <!-- watchDemo -->
        <test-method signature="demoPage()[pri:8, instance:tests.TestAll@2e570ded]" started-at="2025-06-19T04:00:53 IST" name="demoPage" finished-at="2025-06-19T04:00:53 IST" depends-on-methods="tests.TestAll.watchDemo" duration-ms="20" status="PASS">
          <reporter-output>
          </reporter-output>
        </test-method> <!-- demoPage -->
        <test-method signature="testFillAndSubmitDemoForm()[pri:9, instance:tests.TestAll@2e570ded]" started-at="2025-06-19T04:00:53 IST" name="testFillAndSubmitDemoForm" finished-at="2025-06-19T04:00:56 IST" depends-on-methods="tests.TestAll.demoPage" duration-ms="3415" status="PASS">
          <reporter-output>
          </reporter-output>
        </test-method> <!-- testFillAndSubmitDemoForm -->
        <test-method is-config="true" signature="tearDown()[pri:0, instance:tests.TestAll@2e570ded]" started-at="2025-06-19T04:00:56 IST" name="tearDown" finished-at="2025-06-19T04:00:57 IST" duration-ms="496" status="PASS">
          <reporter-output>
          </reporter-output>
        </test-method> <!-- tearDown -->
      </class> <!-- tests.TestAll -->
    </test> <!-- Surefire test -->
  </suite> <!-- Surefire suite -->
</testng-results>
